Log file open, 04/24/21 13:44:08
LogInit: Display: Running engine for game: ActionRPG
LogPlatformFile: Not using cached read wrapper
LogTaskGraph: Started task graph with 5 named threads and 47 total threads with 3 sets of task threads.
LogStats: Stats thread started at 0.145722
LogD3D11RHI: Loaded GFSDK_Aftermath_Lib.x64.dll
LogICUInternationalization: ICU TimeZone Detection - Raw Offset: -5:00, Platform Override: ''
LogPluginManager: Mounting plugin Paper2D
LogPluginManager: Mounting plugin AISupport
LogPluginManager: Mounting plugin CameraShakePreviewer
LogPluginManager: Mounting plugin ActorLayerUtilities
LogPluginManager: Mounting plugin AnimationSharing
LogPluginManager: Mounting plugin CLionSourceCodeAccess
LogPluginManager: Mounting plugin CodeLiteSourceCodeAccess
LogPluginManager: Mounting plugin GitSourceControl
LogPluginManager: Mounting plugin KDevelopSourceCodeAccess
LogPluginManager: Mounting plugin NullSourceCodeAccess
LogPluginManager: Mounting plugin PerforceSourceControl
LogPluginManager: Mounting plugin PlasticSourceControl
LogPluginManager: Mounting plugin RiderSourceCodeAccess
LogPluginManager: Mounting plugin SubversionSourceControl
LogPluginManager: Mounting plugin VisualStudioCodeSourceCodeAccess
LogPluginManager: Mounting plugin VisualStudioSourceCodeAccess
LogPluginManager: Mounting plugin XCodeSourceCodeAccess
LogPluginManager: Mounting plugin AssetManagerEditor
LogPluginManager: Mounting plugin CurveEditorTools
LogPluginManager: Mounting plugin EditorScriptingUtilities
LogPluginManager: Mounting plugin GameplayTagsEditor
LogPluginManager: Mounting plugin GeometryMode
LogPluginManager: Mounting plugin MacGraphicsSwitching
LogPluginManager: Mounting plugin MaterialAnalyzer
LogPluginManager: Mounting plugin MobileLauncherProfileWizard
LogPluginManager: Mounting plugin PluginBrowser
LogPluginManager: Mounting plugin SpeedTreeImporter
LogPluginManager: Mounting plugin VariantManagerContent
LogPluginManager: Mounting plugin AutomationUtils
LogPluginManager: Mounting plugin BackChannel
LogPluginManager: Mounting plugin ChaosCloth
LogPluginManager: Mounting plugin ChaosClothEditor
LogPluginManager: Mounting plugin ChaosNiagara
LogPluginManager: Mounting plugin ChaosSolverPlugin
LogPluginManager: Mounting plugin GeometryProcessing
LogPluginManager: Mounting plugin PlatformCrypto
LogPluginManager: Mounting plugin ProxyLODPlugin
LogPluginManager: Mounting plugin SkeletalReduction
LogPluginManager: Mounting plugin Niagara
LogPluginManager: Mounting plugin MagicLeapPassableWorld
LogPluginManager: Mounting plugin MLSDK
LogPluginManager: Mounting plugin AndroidMedia
LogPluginManager: Mounting plugin AvfMedia
LogPluginManager: Mounting plugin ImgMedia
LogPluginManager: Mounting plugin MediaPlayerEditor
LogPluginManager: Mounting plugin WebMMedia
LogPluginManager: Mounting plugin MeshPainting
LogPluginManager: Mounting plugin TcpMessaging
LogPluginManager: Mounting plugin UdpMessaging
LogPluginManager: Mounting plugin ActorSequence
LogPluginManager: Mounting plugin LevelSequenceEditor
LogPluginManager: Mounting plugin MatineeToLevelSequence
LogPluginManager: Mounting plugin MovieRenderPipeline
LogPluginManager: Mounting plugin TemplateSequence
LogPluginManager: Mounting plugin NetcodeUnitTest
LogPluginManager: Mounting plugin NUTUnrealEngine4
LogPluginManager: Mounting plugin OnlineSubsystemGooglePlay
LogPluginManager: Mounting plugin OnlineSubsystemIOS
LogPluginManager: Mounting plugin OnlineSubsystem
LogPluginManager: Mounting plugin OnlineSubsystemNull
LogPluginManager: Mounting plugin OnlineSubsystemUtils
LogPluginManager: Mounting plugin LauncherChunkInstaller
LogPluginManager: Mounting plugin AndroidDeviceProfileSelector
LogPluginManager: Mounting plugin AndroidMoviePlayer
LogPluginManager: Mounting plugin AndroidPermission
LogPluginManager: Mounting plugin AppleImageUtils
LogPluginManager: Mounting plugin AppleMoviePlayer
LogPluginManager: Mounting plugin AssetTags
LogPluginManager: Mounting plugin EditableMesh
LogPluginManager: Mounting plugin ExampleDeviceProfileSelector
LogPluginManager: Mounting plugin GameplayAbilities
LogPluginManager: Mounting plugin GoogleCloudMessaging
LogPluginManager: Mounting plugin GooglePAD
LogPluginManager: Mounting plugin IOSDeviceProfileSelector
LogPluginManager: Mounting plugin LinuxDeviceProfileSelector
LogPluginManager: Mounting plugin MobilePatchingUtils
LogPluginManager: Mounting plugin PostSplashScreen
LogPluginManager: Mounting plugin SignificanceManager
LogPluginManager: Mounting plugin SoundFields
LogPluginManager: Mounting plugin Synthesis
LogPluginManager: Mounting plugin WebMMoviePlayer
LogPluginManager: Mounting plugin SlateRemote
LogPluginManager: Mounting plugin ScreenshotTools
Launching UnrealBuildTool... [C:/Program Files/Epic Games/UE_4.25/Engine/Binaries/DotNET/UnrealBuildTool.exe -Mode=QueryTargets -Project="C:/Users/menar/Documents/GitHub/FinalProjLd/FinalProjLD/ActionRPG.uproject" -Output="C:/Users/menar/Documents/GitHub/FinalProjLd/FinalProjLD/Intermediate/TargetInfo.json"]
LogInit: Using libcurl 7.55.1-DEV
LogInit:  - built for x86_64-pc-win32
LogInit:  - supports SSL with OpenSSL/1.1.1
LogInit:  - supports HTTP deflate (compression) using libz 1.2.8
LogInit:  - other features:
LogInit:      CURL_VERSION_SSL
LogInit:      CURL_VERSION_LIBZ
LogInit:      CURL_VERSION_IPV6
LogInit:      CURL_VERSION_ASYNCHDNS
LogInit:      CURL_VERSION_LARGEFILE
LogInit:      CURL_VERSION_IDN
LogInit:  CurlRequestOptions (configurable via config and command line):
LogInit:  - bVerifyPeer = true  - Libcurl will verify peer certificate
LogInit:  - bUseHttpProxy = false  - Libcurl will NOT use HTTP proxy
LogInit:  - bDontReuseConnections = false  - Libcurl will reuse connections
LogInit:  - MaxHostConnections = 16  - Libcurl will limit the number of connections to a host
LogInit:  - LocalHostAddr = Default
LogInit:  - BufferSize = 65536
LogOnline: OSS: Creating online subsystem instance for: NULL
LogInit: WinSock: version 1.1 (2.2), MaxSocks=32767, MaxUdp=65467
LogOnline: OSS: TryLoadSubsystemAndSetDefault: Loaded subsystem for module [NULL]
LogInit: Build: ++UE4+Release-4.25-CL-14469661
LogInit: Engine Version: 4.25.4-14469661+++UE4+Release-4.25
LogInit: Compatible Engine Version: 4.25.0-13144385+++UE4+Release-4.25
LogInit: Net CL: 13144385
LogInit: OS: Windows 10 (Release 2004) (), CPU: Intel(R) Core(TM) i7-10700F CPU @ 2.90GHz, GPU: NVIDIA GeForce GTX 1660 SUPER
LogInit: Compiled (64-bit): Oct 11 2020 08:10:49
LogInit: Compiled with Visual C++: 19.24.28315.00
LogInit: Build Configuration: Development
LogInit: Branch Name: ++UE4+Release-4.25
LogInit: Command Line: 
LogInit: Base Directory: C:/Program Files/Epic Games/UE_4.25/Engine/Binaries/Win64/
LogInit: Allocator: TBB
LogInit: Installed Engine Build: 1
LogDevObjectVersion: Number of dev versions registered: 26
LogDevObjectVersion:   Dev-Blueprints (B0D832E4-1F89-4F0D-ACCF-7EB736FD4AA2): 10
LogDevObjectVersion:   Dev-Build (E1C64328-A22C-4D53-A36C-8E866417BD8C): 0
LogDevObjectVersion:   Dev-Core (375EC13C-06E4-48FB-B500-84F0262A717E): 4
LogDevObjectVersion:   Dev-Editor (E4B068ED-F494-42E9-A231-DA0B2E46BB41): 38
LogDevObjectVersion:   Dev-Framework (CFFC743F-43B0-4480-9391-14DF171D2073): 37
LogDevObjectVersion:   Dev-Mobile (B02B49B5-BB20-44E9-A304-32B752E40360): 2
LogDevObjectVersion:   Dev-Networking (A4E4105C-59A1-49B5-A7C5-40C4547EDFEE): 0
LogDevObjectVersion:   Dev-Online (39C831C9-5AE6-47DC-9A44-9C173E1C8E7C): 0
LogDevObjectVersion:   Dev-Physics (78F01B33-EBEA-4F98-B9B4-84EACCB95AA2): 4
LogDevObjectVersion:   Dev-Platform (6631380F-2D4D-43E0-8009-CF276956A95A): 0
LogDevObjectVersion:   Dev-Rendering (12F88B9F-8875-4AFC-A67C-D90C383ABD29): 43
LogDevObjectVersion:   Dev-Sequencer (7B5AE74C-D270-4C10-A958-57980B212A5A): 12
LogDevObjectVersion:   Dev-VR (D7296918-1DD6-4BDD-9DE2-64A83CC13884): 3
LogDevObjectVersion:   Dev-LoadTimes (C2A15278-BFE7-4AFE-6C17-90FF531DF755): 1
LogDevObjectVersion:   Private-Geometry (6EACA3D4-40EC-4CC1-B786-8BED09428FC5): 3
LogDevObjectVersion:   Dev-AnimPhys (29E575DD-E0A3-4627-9D10-D276232CDCEA): 17
LogDevObjectVersion:   Dev-Anim (AF43A65D-7FD3-4947-9873-3E8ED9C1BB05): 7
LogDevObjectVersion:   Dev-ReflectionCapture (6B266CEC-1EC7-4B8F-A30B-E4D90942FC07): 1
LogDevObjectVersion:   Dev-Automation (0DF73D61-A23F-47EA-B727-89E90C41499A): 1
LogDevObjectVersion:   FortniteMain (601D1886-AC64-4F84-AA16-D3DE0DEAC7D6): 31
LogDevObjectVersion:   Dev-Enterprise (9DFFBCD6-494F-0158-E221-12823C92A888): 10
LogDevObjectVersion:   Dev-Niagara (F2AED0AC-9AFE-416F-8664-AA7FFA26D6FC): 1
LogDevObjectVersion:   Dev-Destruction (174F1F0B-B4C6-45A5-B13F-2EE8D0FB917D): 10
LogDevObjectVersion:   Dev-Physics-Ext (35F94A83-E258-406C-A318-09F59610247C): 37
LogDevObjectVersion:   Dev-PhysicsMaterial-Chaos (B68FC16E-8B1B-42E2-B453-215C058844FE): 1
LogDevObjectVersion:   Dev-CineCamera (B2E18506-4273-CFC2-A54E-F4BB758BBA07): 1
LogInit: Presizing for max 25165824 objects, including 0 objects not considered by GC, pre-allocating 0 bytes for permanent pool.
LogConfig: Applying CVar settings from Section [/Script/Engine.StreamingSettings] File [C:/Users/menar/Documents/GitHub/FinalProjLd/FinalProjLD/Saved/Config/Windows/Engine.ini]
LogConfig: Setting CVar [[s.MinBulkDataSizeForAsyncLoading:131072]]
LogConfig: Setting CVar [[s.AsyncLoadingThreadEnabled:0]]
LogConfig: Setting CVar [[s.EventDrivenLoaderEnabled:1]]
LogConfig: Setting CVar [[s.WarnIfTimeLimitExceeded:0]]
LogConfig: Setting CVar [[s.TimeLimitExceededMultiplier:1.5]]
LogConfig: Setting CVar [[s.TimeLimitExceededMinTime:0.005]]
LogConfig: Setting CVar [[s.UseBackgroundLevelStreaming:1]]
LogConfig: Setting CVar [[s.PriorityAsyncLoadingExtraTime:15.0]]
LogConfig: Setting CVar [[s.LevelStreamingActorsUpdateTimeLimit:5.0]]
LogConfig: Setting CVar [[s.PriorityLevelStreamingActorsUpdateExtraTime:5.0]]
LogConfig: Setting CVar [[s.LevelStreamingComponentsRegistrationGranularity:10]]
LogConfig: Setting CVar [[s.UnregisterComponentsTimeLimit:1.0]]
LogConfig: Setting CVar [[s.LevelStreamingComponentsUnregistrationGranularity:5]]
LogConfig: Setting CVar [[s.FlushStreamingOnExit:1]]
LogInit: Object subsystem initialized
LogConfig: Setting CVar [[con.DebugEarlyDefault:1]]
LogConfig: Setting CVar [[r.setres:1280x720]]
[2021.04.24-17.44.09:651][  0]LogConfig: Setting CVar [[r.VSync:0]]
[2021.04.24-17.44.09:651][  0]LogConfig: Setting CVar [[r.RHICmdBypass:0]]
[2021.04.24-17.44.09:651][  0]LogConfig: Applying CVar settings from Section [/Script/Engine.RendererSettings] File [C:/Users/menar/Documents/GitHub/FinalProjLd/FinalProjLD/Saved/Config/Windows/Engine.ini]
[2021.04.24-17.44.09:651][  0]LogConfig: Setting CVar [[r.GPUCrashDebugging:0]]
[2021.04.24-17.44.09:651][  0]LogConfig: Setting CVar [[r.Mobile.TonemapperFilm:1]]
[2021.04.24-17.44.09:651][  0]LogConfig: Setting CVar [[r.MobileHDR:1]]
[2021.04.24-17.44.09:651][  0]LogConfig: Setting CVar [[r.AllowOcclusionQueries:1]]
[2021.04.24-17.44.09:651][  0]LogConfig: Setting CVar [[r.MinScreenRadiusForLights:0.030000]]
[2021.04.24-17.44.09:651][  0]LogConfig: Setting CVar [[r.MinScreenRadiusForDepthPrepass:0.030000]]
[2021.04.24-17.44.09:651][  0]LogConfig: Setting CVar [[r.PrecomputedVisibilityWarning:0]]
[2021.04.24-17.44.09:651][  0]LogConfig: Setting CVar [[r.TextureStreaming:1]]
[2021.04.24-17.44.09:651][  0]LogConfig: Setting CVar [[Compat.UseDXT5NormalMaps:0]]
[2021.04.24-17.44.09:651][  0]LogConfig: Setting CVar [[r.AllowStaticLighting:1]]
[2021.04.24-17.44.09:651][  0]LogConfig: Setting CVar [[r.NormalMapsForStaticLighting:0]]
[2021.04.24-17.44.09:651][  0]LogConfig: Setting CVar [[r.GenerateMeshDistanceFields:0]]
[2021.04.24-17.44.09:651][  0]LogConfig: Setting CVar [[r.TessellationAdaptivePixelsPerTriangle:48.000000]]
[2021.04.24-17.44.09:651][  0]LogConfig: Setting CVar [[r.SeparateTranslucency:0]]
[2021.04.24-17.44.09:651][  0]LogConfig: Setting CVar [[r.TranslucentSortPolicy:0]]
[2021.04.24-17.44.09:651][  0]LogConfig: Setting CVar [[r.CustomDepth:1]]
[2021.04.24-17.44.09:651][  0]LogConfig: Setting CVar [[r.DefaultFeature.Bloom:1]]
[2021.04.24-17.44.09:651][  0]LogConfig: Setting CVar [[r.DefaultFeature.AmbientOcclusion:0]]
[2021.04.24-17.44.09:651][  0]LogConfig: Setting CVar [[r.DefaultFeature.AmbientOcclusionStaticFraction:1]]
[2021.04.24-17.44.09:651][  0]LogConfig: Setting CVar [[r.DefaultFeature.AutoExposure:0]]
[2021.04.24-17.44.09:651][  0]LogConfig: Setting CVar [[r.DefaultFeature.MotionBlur:0]]
[2021.04.24-17.44.09:651][  0]LogConfig: Setting CVar [[r.DefaultFeature.LensFlare:0]]
[2021.04.24-17.44.09:651][  0]LogConfig: Setting CVar [[r.DefaultFeature.AntiAliasing:2]]
[2021.04.24-17.44.09:651][  0]LogConfig: Setting CVar [[r.EarlyZPass:3]]
[2021.04.24-17.44.09:651][  0]LogConfig: Setting CVar [[r.DBuffer:0]]
[2021.04.24-17.44.09:651][  0]LogConfig: Setting CVar [[r.ClearSceneMethod:1]]
[2021.04.24-17.44.09:651][  0]LogConfig: Setting CVar [[r.WireframeCullThreshold:5.000000]]
[2021.04.24-17.44.09:651][  0]LogConfig: Setting CVar [[r.MobileMSAA:2]]
[2021.04.24-17.44.09:651][  0]LogConfig: Setting CVar [[r.ReflectionCaptureResolution:64]]
[2021.04.24-17.44.09:651][  0]LogConfig: Setting CVar [[r.Mobile.DisableVertexFog:0]]
[2021.04.24-17.44.09:651][  0]LogConfig: Setting CVar [[r.ReflectionEnvironmentLightmapMixBasedOnRoughness:0]]
[2021.04.24-17.44.09:651][  0]LogConfig: Setting CVar [[r.Mobile.UseLegacyShadingModel:0]]
[2021.04.24-17.44.09:651][  0]LogConfig: Setting CVar [[r.ShaderPipelineCache.Enabled:1]]
[2021.04.24-17.44.09:651][  0]LogConfig: Setting CVar [[r.Mobile.AllowDitheredLODTransition:1]]
[2021.04.24-17.44.09:651][  0]LogConfig: Applying CVar settings from Section [/Script/Engine.RendererOverrideSettings] File [C:/Users/menar/Documents/GitHub/FinalProjLd/FinalProjLD/Saved/Config/Windows/Engine.ini]
[2021.04.24-17.44.09:651][  0]LogConfig: Applying CVar settings from Section [/Script/Engine.StreamingSettings] File [C:/Users/menar/Documents/GitHub/FinalProjLd/FinalProjLD/Saved/Config/Windows/Engine.ini]
[2021.04.24-17.44.09:651][  0]LogConfig: Setting CVar [[s.MinBulkDataSizeForAsyncLoading:131072]]
[2021.04.24-17.44.09:651][  0]LogConfig: Setting CVar [[s.AsyncLoadingThreadEnabled:0]]
[2021.04.24-17.44.09:651][  0]LogConfig: Setting CVar [[s.EventDrivenLoaderEnabled:1]]
[2021.04.24-17.44.09:651][  0]LogConfig: Setting CVar [[s.WarnIfTimeLimitExceeded:0]]
[2021.04.24-17.44.09:651][  0]LogConfig: Setting CVar [[s.TimeLimitExceededMultiplier:1.5]]
[2021.04.24-17.44.09:651][  0]LogConfig: Setting CVar [[s.TimeLimitExceededMinTime:0.005]]
[2021.04.24-17.44.09:651][  0]LogConfig: Setting CVar [[s.UseBackgroundLevelStreaming:1]]
[2021.04.24-17.44.09:651][  0]LogConfig: Setting CVar [[s.PriorityAsyncLoadingExtraTime:15.0]]
[2021.04.24-17.44.09:651][  0]LogConfig: Setting CVar [[s.LevelStreamingActorsUpdateTimeLimit:5.0]]
[2021.04.24-17.44.09:651][  0]LogConfig: Setting CVar [[s.PriorityLevelStreamingActorsUpdateExtraTime:5.0]]
[2021.04.24-17.44.09:651][  0]LogConfig: Setting CVar [[s.LevelStreamingComponentsRegistrationGranularity:10]]
[2021.04.24-17.44.09:651][  0]LogConfig: Setting CVar [[s.UnregisterComponentsTimeLimit:1.0]]
[2021.04.24-17.44.09:651][  0]LogConfig: Setting CVar [[s.LevelStreamingComponentsUnregistrationGranularity:5]]
[2021.04.24-17.44.09:651][  0]LogConfig: Setting CVar [[s.FlushStreamingOnExit:1]]
[2021.04.24-17.44.09:651][  0]LogConfig: Applying CVar settings from Section [/Script/Engine.GarbageCollectionSettings] File [C:/Users/menar/Documents/GitHub/FinalProjLd/FinalProjLD/Saved/Config/Windows/Engine.ini]
[2021.04.24-17.44.09:651][  0]LogConfig: Setting CVar [[gc.MaxObjectsNotConsideredByGC:1]]
[2021.04.24-17.44.09:651][  0]LogConfig: Setting CVar [[gc.SizeOfPermanentObjectPool:0]]
[2021.04.24-17.44.09:652][  0]LogConfig: Setting CVar [[gc.FlushStreamingOnGC:0]]
[2021.04.24-17.44.09:652][  0]LogConfig: Setting CVar [[gc.NumRetriesBeforeForcingGC:10]]
[2021.04.24-17.44.09:652][  0]LogConfig: Setting CVar [[gc.AllowParallelGC:1]]
[2021.04.24-17.44.09:652][  0]LogConfig: Setting CVar [[gc.TimeBetweenPurgingPendingKillObjects:61.1]]
[2021.04.24-17.44.09:652][  0]LogConfig: Setting CVar [[gc.MaxObjectsInEditor:25165824]]
[2021.04.24-17.44.09:652][  0]LogConfig: Setting CVar [[gc.IncrementalBeginDestroyEnabled:1]]
[2021.04.24-17.44.09:652][  0]LogConfig: Setting CVar [[gc.CreateGCClusters:1]]
[2021.04.24-17.44.09:652][  0]LogConfig: Setting CVar [[gc.MinGCClusterSize:5]]
[2021.04.24-17.44.09:652][  0]LogConfig: Setting CVar [[gc.ActorClusteringEnabled:0]]
[2021.04.24-17.44.09:652][  0]LogConfig: Setting CVar [[gc.BlueprintClusteringEnabled:0]]
[2021.04.24-17.44.09:652][  0]LogConfig: Setting CVar [[gc.UseDisregardForGCOnDedicatedServers:0]]
[2021.04.24-17.44.09:652][  0]LogConfig: Applying CVar settings from Section [/Script/Engine.NetworkSettings] File [C:/Users/menar/Documents/GitHub/FinalProjLd/FinalProjLD/Saved/Config/Windows/Engine.ini]
[2021.04.24-17.44.09:652][  0]LogConfig: Applying CVar settings from Section [/Script/UnrealEd.CookerSettings] File [C:/Users/menar/Documents/GitHub/FinalProjLd/FinalProjLD/Saved/Config/Windows/Engine.ini]
[2021.04.24-17.44.09:653][  0]LogConfig: Applying CVar settings from Section [ViewDistanceQuality@3] File [C:/Users/menar/Documents/GitHub/FinalProjLd/FinalProjLD/Saved/Config/Windows/Scalability.ini]
[2021.04.24-17.44.09:653][  0]LogConfig: Setting CVar [[r.SkeletalMeshLODBias:0]]
[2021.04.24-17.44.09:653][  0]LogConfig: Setting CVar [[r.ViewDistanceScale:1.0]]
[2021.04.24-17.44.09:653][  0]LogConfig: Applying CVar settings from Section [AntiAliasingQuality@3] File [C:/Users/menar/Documents/GitHub/FinalProjLd/FinalProjLD/Saved/Config/Windows/Scalability.ini]
[2021.04.24-17.44.09:653][  0]LogConfig: Setting CVar [[r.PostProcessAAQuality:4]]
[2021.04.24-17.44.09:653][  0]LogConfig: Applying CVar settings from Section [ShadowQuality@3] File [C:/Users/menar/Documents/GitHub/FinalProjLd/FinalProjLD/Saved/Config/Windows/Scalability.ini]
[2021.04.24-17.44.09:653][  0]LogConfig: Setting CVar [[r.LightFunctionQuality:1]]
[2021.04.24-17.44.09:653][  0]LogConfig: Setting CVar [[r.ShadowQuality:5]]
[2021.04.24-17.44.09:653][  0]LogConfig: Setting CVar [[r.Shadow.CSM.MaxCascades:10]]
[2021.04.24-17.44.09:653][  0]LogConfig: Setting CVar [[r.Shadow.MaxResolution:2048]]
[2021.04.24-17.44.09:653][  0]LogConfig: Setting CVar [[r.Shadow.MaxCSMResolution:2048]]
[2021.04.24-17.44.09:653][  0]LogConfig: Setting CVar [[r.Shadow.RadiusThreshold:0.01]]
[2021.04.24-17.44.09:653][  0]LogConfig: Setting CVar [[r.Shadow.DistanceScale:1.0]]
[2021.04.24-17.44.09:653][  0]LogConfig: Setting CVar [[r.Shadow.CSM.TransitionScale:1.0]]
[2021.04.24-17.44.09:653][  0]LogConfig: Setting CVar [[r.Shadow.PreShadowResolutionFactor:1.0]]
[2021.04.24-17.44.09:653][  0]LogConfig: Setting CVar [[r.DistanceFieldShadowing:1]]
[2021.04.24-17.44.09:653][  0]LogConfig: Setting CVar [[r.DistanceFieldAO:1]]
[2021.04.24-17.44.09:653][  0]LogConfig: Setting CVar [[r.AOQuality:2]]
[2021.04.24-17.44.09:653][  0]LogConfig: Setting CVar [[r.VolumetricFog:1]]
[2021.04.24-17.44.09:653][  0]LogConfig: Setting CVar [[r.VolumetricFog.GridPixelSize:8]]
[2021.04.24-17.44.09:653][  0]LogConfig: Setting CVar [[r.VolumetricFog.GridSizeZ:128]]
[2021.04.24-17.44.09:653][  0]LogConfig: Setting CVar [[r.VolumetricFog.HistoryMissSupersampleCount:4]]
[2021.04.24-17.44.09:653][  0]LogConfig: Setting CVar [[r.LightMaxDrawDistanceScale:1]]
[2021.04.24-17.44.09:653][  0]LogConfig: Setting CVar [[r.CapsuleShadows:1]]
[2021.04.24-17.44.09:653][  0]LogConfig: Applying CVar settings from Section [PostProcessQuality@3] File [C:/Users/menar/Documents/GitHub/FinalProjLd/FinalProjLD/Saved/Config/Windows/Scalability.ini]
[2021.04.24-17.44.09:653][  0]LogConfig: Setting CVar [[r.MotionBlurQuality:4]]
[2021.04.24-17.44.09:653][  0]LogConfig: Setting CVar [[r.AmbientOcclusionMipLevelFactor:0.4]]
[2021.04.24-17.44.09:653][  0]LogConfig: Setting CVar [[r.AmbientOcclusionMaxQuality:100]]
[2021.04.24-17.44.09:653][  0]LogConfig: Setting CVar [[r.AmbientOcclusionLevels:-1]]
[2021.04.24-17.44.09:653][  0]LogConfig: Setting CVar [[r.AmbientOcclusionRadiusScale:1.0]]
[2021.04.24-17.44.09:653][  0]LogConfig: Setting CVar [[r.DepthOfFieldQuality:2]]
[2021.04.24-17.44.09:653][  0]LogConfig: Setting CVar [[r.RenderTargetPoolMin:400]]
[2021.04.24-17.44.09:653][  0]LogConfig: Setting CVar [[r.LensFlareQuality:2]]
[2021.04.24-17.44.09:653][  0]LogConfig: Setting CVar [[r.SceneColorFringeQuality:1]]
[2021.04.24-17.44.09:653][  0]LogConfig: Setting CVar [[r.EyeAdaptationQuality:2]]
[2021.04.24-17.44.09:653][  0]LogConfig: Setting CVar [[r.BloomQuality:5]]
[2021.04.24-17.44.09:653][  0]LogConfig: Setting CVar [[r.FastBlurThreshold:100]]
[2021.04.24-17.44.09:653][  0]LogConfig: Setting CVar [[r.Upscale.Quality:3]]
[2021.04.24-17.44.09:653][  0]LogConfig: Setting CVar [[r.Tonemapper.GrainQuantization:1]]
[2021.04.24-17.44.09:653][  0]LogConfig: Setting CVar [[r.LightShaftQuality:1]]
[2021.04.24-17.44.09:653][  0]LogConfig: Setting CVar [[r.Filter.SizeScale:1]]
[2021.04.24-17.44.09:653][  0]LogConfig: Setting CVar [[r.Tonemapper.Quality:5]]
[2021.04.24-17.44.09:653][  0]LogConfig: Setting CVar [[r.DOF.Gather.AccumulatorQuality:1        ; higher gathering accumulator quality]]
[2021.04.24-17.44.09:653][  0]LogConfig: Setting CVar [[r.DOF.Gather.PostfilterMethod:1          ; Median3x3 postfilering method]]
[2021.04.24-17.44.09:653][  0]LogConfig: Setting CVar [[r.DOF.Gather.EnableBokehSettings:0       ; no bokeh simulation when gathering]]
[2021.04.24-17.44.09:654][  0]LogConfig: Setting CVar [[r.DOF.Gather.RingCount:4                 ; medium number of samples when gathering]]
[2021.04.24-17.44.09:654][  0]LogConfig: Setting CVar [[r.DOF.Scatter.ForegroundCompositing:1    ; additive foreground scattering]]
[2021.04.24-17.44.09:654][  0]LogConfig: Setting CVar [[r.DOF.Scatter.BackgroundCompositing:2    ; additive background scattering]]
[2021.04.24-17.44.09:654][  0]LogConfig: Setting CVar [[r.DOF.Scatter.EnableBokehSettings:1      ; bokeh simulation when scattering]]
[2021.04.24-17.44.09:654][  0]LogConfig: Setting CVar [[r.DOF.Scatter.MaxSpriteRatio:0.1         ; only a maximum of 10% of scattered bokeh]]
[2021.04.24-17.44.09:654][  0]LogConfig: Setting CVar [[r.DOF.Recombine.Quality:1                ; cheap slight out of focus]]
[2021.04.24-17.44.09:654][  0]LogConfig: Setting CVar [[r.DOF.Recombine.EnableBokehSettings:0    ; no bokeh simulation on slight out of focus]]
[2021.04.24-17.44.09:654][  0]LogConfig: Setting CVar [[r.DOF.TemporalAAQuality:1                ; more stable temporal accumulation]]
[2021.04.24-17.44.09:654][  0]LogConfig: Setting CVar [[r.DOF.Kernel.MaxForegroundRadius:0.025]]
[2021.04.24-17.44.09:654][  0]LogConfig: Setting CVar [[r.DOF.Kernel.MaxBackgroundRadius:0.025]]
[2021.04.24-17.44.09:654][  0]LogConfig: Applying CVar settings from Section [TextureQuality@3] File [C:/Users/menar/Documents/GitHub/FinalProjLd/FinalProjLD/Saved/Config/Windows/Scalability.ini]
[2021.04.24-17.44.09:654][  0]LogConfig: Setting CVar [[r.Streaming.MipBias:0]]
[2021.04.24-17.44.09:654][  0]LogConfig: Setting CVar [[r.Streaming.AmortizeCPUToGPUCopy:0]]
[2021.04.24-17.44.09:654][  0]LogConfig: Setting CVar [[r.Streaming.MaxNumTexturesToStreamPerFrame:0]]
[2021.04.24-17.44.09:654][  0]LogConfig: Setting CVar [[r.Streaming.Boost:1]]
[2021.04.24-17.44.09:654][  0]LogConfig: Setting CVar [[r.MaxAnisotropy:8]]
[2021.04.24-17.44.09:654][  0]LogConfig: Setting CVar [[r.VT.MaxAnisotropy:8]]
[2021.04.24-17.44.09:654][  0]LogConfig: Setting CVar [[r.Streaming.LimitPoolSizeToVRAM:0]]
[2021.04.24-17.44.09:654][  0]LogConfig: Setting CVar [[r.Streaming.PoolSize:1000]]
[2021.04.24-17.44.09:654][  0]LogConfig: Setting CVar [[r.Streaming.MaxEffectiveScreenSize:0]]
[2021.04.24-17.44.09:654][  0]LogConfig: Applying CVar settings from Section [EffectsQuality@3] File [C:/Users/menar/Documents/GitHub/FinalProjLd/FinalProjLD/Saved/Config/Windows/Scalability.ini]
[2021.04.24-17.44.09:654][  0]LogConfig: Setting CVar [[r.TranslucencyLightingVolumeDim:64]]
[2021.04.24-17.44.09:654][  0]LogConfig: Setting CVar [[r.RefractionQuality:2]]
[2021.04.24-17.44.09:654][  0]LogConfig: Setting CVar [[r.SSR.Quality:3]]
[2021.04.24-17.44.09:654][  0]LogConfig: Setting CVar [[r.SSR.HalfResSceneColor:0]]
[2021.04.24-17.44.09:654][  0]LogConfig: Setting CVar [[r.SceneColorFormat:4]]
[2021.04.24-17.44.09:654][  0]LogConfig: Setting CVar [[r.DetailMode:2]]
[2021.04.24-17.44.09:654][  0]LogConfig: Setting CVar [[r.TranslucencyVolumeBlur:1]]
[2021.04.24-17.44.09:654][  0]LogConfig: Setting CVar [[r.MaterialQualityLevel:1 ; High quality]]
[2021.04.24-17.44.09:654][  0]LogConfig: Setting CVar [[r.SSS.Scale:1]]
[2021.04.24-17.44.09:654][  0]LogConfig: Setting CVar [[r.SSS.SampleSet:2]]
[2021.04.24-17.44.09:654][  0]LogConfig: Setting CVar [[r.SSS.Quality:1]]
[2021.04.24-17.44.09:654][  0]LogConfig: Setting CVar [[r.SSS.HalfRes:0]]
[2021.04.24-17.44.09:654][  0]LogConfig: Setting CVar [[r.SSGI.Quality:3]]
[2021.04.24-17.44.09:654][  0]LogConfig: Setting CVar [[r.EmitterSpawnRateScale:1.0]]
[2021.04.24-17.44.09:654][  0]LogConfig: Setting CVar [[r.ParticleLightQuality:2]]
[2021.04.24-17.44.09:654][  0]LogConfig: Setting CVar [[r.SkyAtmosphere.AerialPerspectiveLUT.FastApplyOnOpaque:1 ; Always have FastSkyLUT 1 in this case to avoid wrong sky]]
[2021.04.24-17.44.09:654][  0]LogConfig: Setting CVar [[r.SkyAtmosphere.AerialPerspectiveLUT.SampleCountPerSlice:1]]
[2021.04.24-17.44.09:654][  0]LogConfig: Setting CVar [[r.SkyAtmosphere.AerialPerspectiveLUT.DepthResolution:16.0]]
[2021.04.24-17.44.09:654][  0]LogConfig: Setting CVar [[r.SkyAtmosphere.FastSkyLUT:1]]
[2021.04.24-17.44.09:654][  0]LogConfig: Setting CVar [[r.SkyAtmosphere.FastSkyLUT.SampleCountMin:4.0]]
[2021.04.24-17.44.09:654][  0]LogConfig: Setting CVar [[r.SkyAtmosphere.FastSkyLUT.SampleCountMax:32.0]]
[2021.04.24-17.44.09:654][  0]LogConfig: Setting CVar [[r.SkyAtmosphere.SampleCountMin:4.0]]
[2021.04.24-17.44.09:654][  0]LogConfig: Setting CVar [[r.SkyAtmosphere.SampleCountMax:32.0]]
[2021.04.24-17.44.09:654][  0]LogConfig: Setting CVar [[r.SkyAtmosphere.TransmittanceLUT.UseSmallFormat:0]]
[2021.04.24-17.44.09:654][  0]LogConfig: Setting CVar [[r.SkyAtmosphere.TransmittanceLUT.SampleCount:10.0]]
[2021.04.24-17.44.09:654][  0]LogConfig: Setting CVar [[r.SkyAtmosphere.MultiScatteringLUT.SampleCount:15.0]]
[2021.04.24-17.44.09:654][  0]LogConfig: Applying CVar settings from Section [FoliageQuality@3] File [C:/Users/menar/Documents/GitHub/FinalProjLd/FinalProjLD/Saved/Config/Windows/Scalability.ini]
[2021.04.24-17.44.09:654][  0]LogConfig: Setting CVar [[foliage.DensityScale:1.0]]
[2021.04.24-17.44.09:654][  0]LogConfig: Setting CVar [[grass.DensityScale:1.0]]
[2021.04.24-17.44.09:654][  0]LogConfig: Applying CVar settings from Section [ShadingQuality@3] File [C:/Users/menar/Documents/GitHub/FinalProjLd/FinalProjLD/Saved/Config/Windows/Scalability.ini]
[2021.04.24-17.44.09:654][  0]LogConfig: Setting CVar [[r.HairStrands.SkyLighting.SampleCount:16]]
[2021.04.24-17.44.09:654][  0]LogConfig: Setting CVar [[r.HairStrands.SkyLighting.JitterIntegration:0]]
[2021.04.24-17.44.09:654][  0]LogConfig: Setting CVar [[r.HairStrands.SkyAO.SampleCount:16]]
[2021.04.24-17.44.09:654][  0]LogConfig: Setting CVar [[r.HairStrands.DeepShadow.SuperSampling:0]]
[2021.04.24-17.44.09:654][  0]LogConfig: Setting CVar [[r.HairStrands.VisibilityPPLL:0]]
[2021.04.24-17.44.09:654][  0]LogConfig: Setting CVar [[r.HairStrands.RasterizationScale:0.5]]
[2021.04.24-17.44.09:654][  0]LogConfig: Setting CVar [[r.HairStrands.VelocityRasterizationScale:1]]
[2021.04.24-17.44.09:654][  0]LogInit: Selected Device Profile: [Windows]
[2021.04.24-17.44.09:654][  0]LogInit: Applying CVar settings loaded from the selected device profile: [Windows]
[2021.04.24-17.44.09:654][  0]LogHAL: Display: Platform has ~ 16 GB [17035911168 / 17179869184 / 16], which maps to Larger [LargestMinGB=32, LargerMinGB=12, DefaultMinGB=8, SmallerMinGB=6, SmallestMinGB=0)
[2021.04.24-17.44.09:654][  0]LogInit: Going up to parent DeviceProfile []
[2021.04.24-17.44.09:654][  0]LogConfig: Applying CVar settings from Section [ViewDistanceQuality@3] File [C:/Users/menar/Documents/GitHub/FinalProjLd/FinalProjLD/Saved/Config/Windows/Scalability.ini]
[2021.04.24-17.44.09:654][  0]LogConfig: Setting CVar [[r.SkeletalMeshLODBias:0]]
[2021.04.24-17.44.09:654][  0]LogConfig: Setting CVar [[r.ViewDistanceScale:1.0]]
[2021.04.24-17.44.09:654][  0]LogConfig: Applying CVar settings from Section [AntiAliasingQuality@3] File [C:/Users/menar/Documents/GitHub/FinalProjLd/FinalProjLD/Saved/Config/Windows/Scalability.ini]
[2021.04.24-17.44.09:654][  0]LogConfig: Setting CVar [[r.PostProcessAAQuality:4]]
[2021.04.24-17.44.09:654][  0]LogConfig: Applying CVar settings from Section [ShadowQuality@3] File [C:/Users/menar/Documents/GitHub/FinalProjLd/FinalProjLD/Saved/Config/Windows/Scalability.ini]
[2021.04.24-17.44.09:654][  0]LogConfig: Setting CVar [[r.LightFunctionQuality:1]]
[2021.04.24-17.44.09:654][  0]LogConfig: Setting CVar [[r.ShadowQuality:5]]
[2021.04.24-17.44.09:654][  0]LogConfig: Setting CVar [[r.Shadow.CSM.MaxCascades:10]]
[2021.04.24-17.44.09:654][  0]LogConfig: Setting CVar [[r.Shadow.MaxResolution:2048]]
[2021.04.24-17.44.09:654][  0]LogConfig: Setting CVar [[r.Shadow.MaxCSMResolution:2048]]
[2021.04.24-17.44.09:654][  0]LogConfig: Setting CVar [[r.Shadow.RadiusThreshold:0.01]]
[2021.04.24-17.44.09:654][  0]LogConfig: Setting CVar [[r.Shadow.DistanceScale:1.0]]
[2021.04.24-17.44.09:654][  0]LogConfig: Setting CVar [[r.Shadow.CSM.TransitionScale:1.0]]
[2021.04.24-17.44.09:654][  0]LogConfig: Setting CVar [[r.Shadow.PreShadowResolutionFactor:1.0]]
[2021.04.24-17.44.09:654][  0]LogConfig: Setting CVar [[r.DistanceFieldShadowing:1]]
[2021.04.24-17.44.09:654][  0]LogConfig: Setting CVar [[r.DistanceFieldAO:1]]
[2021.04.24-17.44.09:654][  0]LogConfig: Setting CVar [[r.AOQuality:2]]
[2021.04.24-17.44.09:654][  0]LogConfig: Setting CVar [[r.VolumetricFog:1]]
[2021.04.24-17.44.09:654][  0]LogConfig: Setting CVar [[r.VolumetricFog.GridPixelSize:8]]
[2021.04.24-17.44.09:654][  0]LogConfig: Setting CVar [[r.VolumetricFog.GridSizeZ:128]]
[2021.04.24-17.44.09:654][  0]LogConfig: Setting CVar [[r.VolumetricFog.HistoryMissSupersampleCount:4]]
[2021.04.24-17.44.09:654][  0]LogConfig: Setting CVar [[r.LightMaxDrawDistanceScale:1]]
[2021.04.24-17.44.09:654][  0]LogConfig: Setting CVar [[r.CapsuleShadows:1]]
[2021.04.24-17.44.09:654][  0]LogConfig: Applying CVar settings from Section [PostProcessQuality@3] File [C:/Users/menar/Documents/GitHub/FinalProjLd/FinalProjLD/Saved/Config/Windows/Scalability.ini]
[2021.04.24-17.44.09:654][  0]LogConfig: Setting CVar [[r.MotionBlurQuality:4]]
[2021.04.24-17.44.09:654][  0]LogConfig: Setting CVar [[r.AmbientOcclusionMipLevelFactor:0.4]]
[2021.04.24-17.44.09:654][  0]LogConfig: Setting CVar [[r.AmbientOcclusionMaxQuality:100]]
[2021.04.24-17.44.09:654][  0]LogConfig: Setting CVar [[r.AmbientOcclusionLevels:-1]]
[2021.04.24-17.44.09:654][  0]LogConfig: Setting CVar [[r.AmbientOcclusionRadiusScale:1.0]]
[2021.04.24-17.44.09:654][  0]LogConfig: Setting CVar [[r.DepthOfFieldQuality:2]]
[2021.04.24-17.44.09:654][  0]LogConfig: Setting CVar [[r.RenderTargetPoolMin:400]]
[2021.04.24-17.44.09:654][  0]LogConfig: Setting CVar [[r.LensFlareQuality:2]]
[2021.04.24-17.44.09:654][  0]LogConfig: Setting CVar [[r.SceneColorFringeQuality:1]]
[2021.04.24-17.44.09:654][  0]LogConfig: Setting CVar [[r.EyeAdaptationQuality:2]]
[2021.04.24-17.44.09:654][  0]LogConfig: Setting CVar [[r.BloomQuality:5]]
[2021.04.24-17.44.09:654][  0]LogConfig: Setting CVar [[r.FastBlurThreshold:100]]
[2021.04.24-17.44.09:654][  0]LogConfig: Setting CVar [[r.Upscale.Quality:3]]
[2021.04.24-17.44.09:654][  0]LogConfig: Setting CVar [[r.Tonemapper.GrainQuantization:1]]
[2021.04.24-17.44.09:654][  0]LogConfig: Setting CVar [[r.LightShaftQuality:1]]
[2021.04.24-17.44.09:654][  0]LogConfig: Setting CVar [[r.Filter.SizeScale:1]]
[2021.04.24-17.44.09:654][  0]LogConfig: Setting CVar [[r.Tonemapper.Quality:5]]
[2021.04.24-17.44.09:654][  0]LogConfig: Setting CVar [[r.DOF.Gather.AccumulatorQuality:1        ; higher gathering accumulator quality]]
[2021.04.24-17.44.09:654][  0]LogConfig: Setting CVar [[r.DOF.Gather.PostfilterMethod:1          ; Median3x3 postfilering method]]
[2021.04.24-17.44.09:654][  0]LogConfig: Setting CVar [[r.DOF.Gather.EnableBokehSettings:0       ; no bokeh simulation when gathering]]
[2021.04.24-17.44.09:654][  0]LogConfig: Setting CVar [[r.DOF.Gather.RingCount:4                 ; medium number of samples when gathering]]
[2021.04.24-17.44.09:654][  0]LogConfig: Setting CVar [[r.DOF.Scatter.ForegroundCompositing:1    ; additive foreground scattering]]
[2021.04.24-17.44.09:654][  0]LogConfig: Setting CVar [[r.DOF.Scatter.BackgroundCompositing:2    ; additive background scattering]]
[2021.04.24-17.44.09:654][  0]LogConfig: Setting CVar [[r.DOF.Scatter.EnableBokehSettings:1      ; bokeh simulation when scattering]]
[2021.04.24-17.44.09:654][  0]LogConfig: Setting CVar [[r.DOF.Scatter.MaxSpriteRatio:0.1         ; only a maximum of 10% of scattered bokeh]]
[2021.04.24-17.44.09:654][  0]LogConfig: Setting CVar [[r.DOF.Recombine.Quality:1                ; cheap slight out of focus]]
[2021.04.24-17.44.09:655][  0]LogConfig: Setting CVar [[r.DOF.Recombine.EnableBokehSettings:0    ; no bokeh simulation on slight out of focus]]
[2021.04.24-17.44.09:655][  0]LogConfig: Setting CVar [[r.DOF.TemporalAAQuality:1                ; more stable temporal accumulation]]
[2021.04.24-17.44.09:655][  0]LogConfig: Setting CVar [[r.DOF.Kernel.MaxForegroundRadius:0.025]]
[2021.04.24-17.44.09:655][  0]LogConfig: Setting CVar [[r.DOF.Kernel.MaxBackgroundRadius:0.025]]
[2021.04.24-17.44.09:655][  0]LogConfig: Applying CVar settings from Section [TextureQuality@3] File [C:/Users/menar/Documents/GitHub/FinalProjLd/FinalProjLD/Saved/Config/Windows/Scalability.ini]
[2021.04.24-17.44.09:655][  0]LogConfig: Setting CVar [[r.Streaming.MipBias:0]]
[2021.04.24-17.44.09:655][  0]LogConfig: Setting CVar [[r.Streaming.AmortizeCPUToGPUCopy:0]]
[2021.04.24-17.44.09:655][  0]LogConfig: Setting CVar [[r.Streaming.MaxNumTexturesToStreamPerFrame:0]]
[2021.04.24-17.44.09:655][  0]LogConfig: Setting CVar [[r.Streaming.Boost:1]]
[2021.04.24-17.44.09:655][  0]LogConfig: Setting CVar [[r.MaxAnisotropy:8]]
[2021.04.24-17.44.09:655][  0]LogConfig: Setting CVar [[r.VT.MaxAnisotropy:8]]
[2021.04.24-17.44.09:655][  0]LogConfig: Setting CVar [[r.Streaming.LimitPoolSizeToVRAM:0]]
[2021.04.24-17.44.09:655][  0]LogConfig: Setting CVar [[r.Streaming.PoolSize:1000]]
[2021.04.24-17.44.09:655][  0]LogConfig: Setting CVar [[r.Streaming.MaxEffectiveScreenSize:0]]
[2021.04.24-17.44.09:655][  0]LogConfig: Applying CVar settings from Section [EffectsQuality@3] File [C:/Users/menar/Documents/GitHub/FinalProjLd/FinalProjLD/Saved/Config/Windows/Scalability.ini]
[2021.04.24-17.44.09:655][  0]LogConfig: Setting CVar [[r.TranslucencyLightingVolumeDim:64]]
[2021.04.24-17.44.09:655][  0]LogConfig: Setting CVar [[r.RefractionQuality:2]]
[2021.04.24-17.44.09:655][  0]LogConfig: Setting CVar [[r.SSR.Quality:3]]
[2021.04.24-17.44.09:655][  0]LogConfig: Setting CVar [[r.SSR.HalfResSceneColor:0]]
[2021.04.24-17.44.09:655][  0]LogConfig: Setting CVar [[r.SceneColorFormat:4]]
[2021.04.24-17.44.09:655][  0]LogConfig: Setting CVar [[r.DetailMode:2]]
[2021.04.24-17.44.09:655][  0]LogConfig: Setting CVar [[r.TranslucencyVolumeBlur:1]]
[2021.04.24-17.44.09:655][  0]LogConfig: Setting CVar [[r.MaterialQualityLevel:1 ; High quality]]
[2021.04.24-17.44.09:655][  0]LogConfig: Setting CVar [[r.SSS.Scale:1]]
[2021.04.24-17.44.09:655][  0]LogConfig: Setting CVar [[r.SSS.SampleSet:2]]
[2021.04.24-17.44.09:655][  0]LogConfig: Setting CVar [[r.SSS.Quality:1]]
[2021.04.24-17.44.09:655][  0]LogConfig: Setting CVar [[r.SSS.HalfRes:0]]
[2021.04.24-17.44.09:655][  0]LogConfig: Setting CVar [[r.SSGI.Quality:3]]
[2021.04.24-17.44.09:655][  0]LogConfig: Setting CVar [[r.EmitterSpawnRateScale:1.0]]
[2021.04.24-17.44.09:655][  0]LogConfig: Setting CVar [[r.ParticleLightQuality:2]]
[2021.04.24-17.44.09:655][  0]LogConfig: Setting CVar [[r.SkyAtmosphere.AerialPerspectiveLUT.FastApplyOnOpaque:1 ; Always have FastSkyLUT 1 in this case to avoid wrong sky]]
[2021.04.24-17.44.09:655][  0]LogConfig: Setting CVar [[r.SkyAtmosphere.AerialPerspectiveLUT.SampleCountPerSlice:1]]
[2021.04.24-17.44.09:655][  0]LogConfig: Setting CVar [[r.SkyAtmosphere.AerialPerspectiveLUT.DepthResolution:16.0]]
[2021.04.24-17.44.09:655][  0]LogConfig: Setting CVar [[r.SkyAtmosphere.FastSkyLUT:1]]
[2021.04.24-17.44.09:655][  0]LogConfig: Setting CVar [[r.SkyAtmosphere.FastSkyLUT.SampleCountMin:4.0]]
[2021.04.24-17.44.09:655][  0]LogConfig: Setting CVar [[r.SkyAtmosphere.FastSkyLUT.SampleCountMax:32.0]]
[2021.04.24-17.44.09:655][  0]LogConfig: Setting CVar [[r.SkyAtmosphere.SampleCountMin:4.0]]
[2021.04.24-17.44.09:655][  0]LogConfig: Setting CVar [[r.SkyAtmosphere.SampleCountMax:32.0]]
[2021.04.24-17.44.09:655][  0]LogConfig: Setting CVar [[r.SkyAtmosphere.TransmittanceLUT.UseSmallFormat:0]]
[2021.04.24-17.44.09:655][  0]LogConfig: Setting CVar [[r.SkyAtmosphere.TransmittanceLUT.SampleCount:10.0]]
[2021.04.24-17.44.09:655][  0]LogConfig: Setting CVar [[r.SkyAtmosphere.MultiScatteringLUT.SampleCount:15.0]]
[2021.04.24-17.44.09:655][  0]LogConfig: Applying CVar settings from Section [FoliageQuality@3] File [C:/Users/menar/Documents/GitHub/FinalProjLd/FinalProjLD/Saved/Config/Windows/Scalability.ini]
[2021.04.24-17.44.09:655][  0]LogConfig: Setting CVar [[foliage.DensityScale:1.0]]
[2021.04.24-17.44.09:655][  0]LogConfig: Setting CVar [[grass.DensityScale:1.0]]
[2021.04.24-17.44.09:655][  0]LogConfig: Applying CVar settings from Section [ShadingQuality@3] File [C:/Users/menar/Documents/GitHub/FinalProjLd/FinalProjLD/Saved/Config/Windows/Scalability.ini]
[2021.04.24-17.44.09:655][  0]LogConfig: Setting CVar [[r.HairStrands.SkyLighting.SampleCount:16]]
[2021.04.24-17.44.09:655][  0]LogConfig: Setting CVar [[r.HairStrands.SkyLighting.JitterIntegration:0]]
[2021.04.24-17.44.09:655][  0]LogConfig: Setting CVar [[r.HairStrands.SkyAO.SampleCount:16]]
[2021.04.24-17.44.09:655][  0]LogConfig: Setting CVar [[r.HairStrands.DeepShadow.SuperSampling:0]]
[2021.04.24-17.44.09:655][  0]LogConfig: Setting CVar [[r.HairStrands.VisibilityPPLL:0]]
[2021.04.24-17.44.09:655][  0]LogConfig: Setting CVar [[r.HairStrands.RasterizationScale:0.5]]
[2021.04.24-17.44.09:655][  0]LogConfig: Setting CVar [[r.HairStrands.VelocityRasterizationScale:1]]
[2021.04.24-17.44.09:655][  0]LogConfig: Applying CVar settings from Section [Startup] File [../../../Engine/Config/ConsoleVariables.ini]
[2021.04.24-17.44.09:655][  0]LogConfig: Setting CVar [[net.UseAdaptiveNetUpdateFrequency:0]]
[2021.04.24-17.44.09:655][  0]LogConfig: Setting CVar [[p.chaos.AllowCreatePhysxBodies:1]]
[2021.04.24-17.44.09:655][  0]LogConfig: Setting CVar [[fx.SkipVectorVMBackendOptimizations:1]]
[2021.04.24-17.44.09:655][  0]LogConfig: Applying CVar settings from Section [ConsoleVariables] File [C:/Users/menar/Documents/GitHub/FinalProjLd/FinalProjLD/Saved/Config/Windows/Engine.ini]
[2021.04.24-17.44.09:655][  0]LogInit: Computer: DESKTOP-03UP326
[2021.04.24-17.44.09:655][  0]LogInit: User: menar
[2021.04.24-17.44.09:655][  0]LogInit: CPU Page size=4096, Cores=8
[2021.04.24-17.44.09:655][  0]LogInit: High frequency timer resolution =10.000000 MHz
[2021.04.24-17.44.09:655][  0]LogMemory: Memory total: Physical=15.9GB (16GB approx)
[2021.04.24-17.44.09:655][  0]LogMemory: Platform Memory Stats for Windows
[2021.04.24-17.44.09:655][  0]LogMemory: Process Physical Memory: 118.68 MB used, 120.05 MB peak
[2021.04.24-17.44.09:655][  0]LogMemory: Process Virtual Memory: 103.34 MB used, 103.34 MB peak
[2021.04.24-17.44.09:655][  0]LogMemory: Physical Memory: 6061.10 MB used,  10185.61 MB free, 16246.71 MB total
[2021.04.24-17.44.09:655][  0]LogMemory: Virtual Memory: 5171.15 MB used,  134212560.00 MB free, 134217728.00 MB total
[2021.04.24-17.44.09:660][  0]LogWindows: WindowsPlatformFeatures enabled
[2021.04.24-17.44.09:693][  0]LogInit: Physics initialised using underlying interface: PhysX
[2021.04.24-17.44.09:694][  0]LogInit: Using OS detected language (en-US).
[2021.04.24-17.44.09:694][  0]LogInit: Using OS detected locale (en-US).
[2021.04.24-17.44.09:697][  0]LogTextLocalizationManager: No specific localization for 'en-US' exists, so the 'en' localization will be used.
[2021.04.24-17.44.09:818][  0]LogInit: Setting process to per monitor DPI aware
[2021.04.24-17.44.09:841][  0]LogSlate: New Slate User Created.  User Index 0, Is Virtual User: 0
[2021.04.24-17.44.09:841][  0]LogSlate: Slate User Registered.  User Index 0, Is Virtual User: 0
[2021.04.24-17.44.09:951][  0]LogD3D11RHI: D3D11 min allowed feature level: 11_0
[2021.04.24-17.44.09:951][  0]LogD3D11RHI: D3D11 max allowed feature level: 11_0
[2021.04.24-17.44.09:951][  0]LogD3D11RHI: D3D11 adapters:
[2021.04.24-17.44.10:045][  0]LogD3D11RHI:    0. 'NVIDIA GeForce GTX 1660 SUPER' (Feature Level 11_0)
[2021.04.24-17.44.10:045][  0]LogD3D11RHI:       5991/0/8123 MB DedicatedVideo/DedicatedSystem/SharedSystem, Outputs:1, VendorId:0x10de
[2021.04.24-17.44.10:046][  0]LogD3D11RHI:    1. 'Microsoft Basic Render Driver' (Feature Level 11_0)
[2021.04.24-17.44.10:046][  0]LogD3D11RHI:       0/0/8123 MB DedicatedVideo/DedicatedSystem/SharedSystem, Outputs:0, VendorId:0x1414
[2021.04.24-17.44.10:046][  0]LogD3D11RHI: Chosen D3D11 Adapter: 0
[2021.04.24-17.44.10:051][  0]LogD3D11RHI: Creating new Direct3DDevice
[2021.04.24-17.44.10:051][  0]LogD3D11RHI:     GPU DeviceId: 0x21c4 (for the marketing name, search the web for "GPU Device Id")
[2021.04.24-17.44.10:051][  0]LogWindows: EnumDisplayDevices:
[2021.04.24-17.44.10:052][  0]LogWindows:    0. 'NVIDIA GeForce GTX 1660 SUPER' (P:1 D:1)
[2021.04.24-17.44.10:052][  0]LogWindows:    1. 'NVIDIA GeForce GTX 1660 SUPER' (P:0 D:0)
[2021.04.24-17.44.10:052][  0]LogWindows:    2. 'NVIDIA GeForce GTX 1660 SUPER' (P:0 D:0)
[2021.04.24-17.44.10:052][  0]LogWindows:    3. 'NVIDIA GeForce GTX 1660 SUPER' (P:0 D:0)
[2021.04.24-17.44.10:052][  0]LogWindows: DebugString: FoundDriverCount:4 
[2021.04.24-17.44.10:052][  0]LogD3D11RHI:     Adapter Name: NVIDIA GeForce GTX 1660 SUPER
[2021.04.24-17.44.10:052][  0]LogD3D11RHI:   Driver Version: 460.93 (internal:27.21.14.6093, unified:460.93)
[2021.04.24-17.44.10:052][  0]LogD3D11RHI:      Driver Date: 12-14-2020
[2021.04.24-17.44.10:052][  0]LogRHI: Texture pool is 4193 MB (70% of 5991 MB)
[2021.04.24-17.44.10:115][  0]LogD3D11RHI: RHI has support for 64 bit atomics
[2021.04.24-17.44.10:115][  0]LogD3D11RHI: Async texture creation enabled
[2021.04.24-17.44.10:115][  0]LogD3D11RHI: Array index from any shader is supported
[2021.04.24-17.44.10:127][  0]LogD3D11RHI: GPU Timing Frequency: 1000.000000 (Debug: 2 1)
[2021.04.24-17.44.10:322][  0]LogTargetPlatformManager: Display: Loaded TargetPlatform 'AllDesktop'
[2021.04.24-17.44.10:339][  0]LogTargetPlatformManager: Display: Loaded TargetPlatform 'Android'
[2021.04.24-17.44.10:339][  0]LogTargetPlatformManager: Display: Loaded TargetPlatform 'Android_ASTC'
[2021.04.24-17.44.10:339][  0]LogTargetPlatformManager: Display: Loaded TargetPlatform 'Android_DXT'
[2021.04.24-17.44.10:339][  0]LogTargetPlatformManager: Display: Loaded TargetPlatform 'Android_ETC2'
[2021.04.24-17.44.10:339][  0]LogTargetPlatformManager: Display: Loaded TargetPlatform 'AndroidClient'
[2021.04.24-17.44.10:339][  0]LogTargetPlatformManager: Display: Loaded TargetPlatform 'Android_ASTCClient'
[2021.04.24-17.44.10:339][  0]LogTargetPlatformManager: Display: Loaded TargetPlatform 'Android_DXTClient'
[2021.04.24-17.44.10:339][  0]LogTargetPlatformManager: Display: Loaded TargetPlatform 'Android_ETC2Client'
[2021.04.24-17.44.10:339][  0]LogTargetPlatformManager: Display: Loaded TargetPlatform 'Android_Multi'
[2021.04.24-17.44.10:339][  0]LogTargetPlatformManager: Display: Loaded TargetPlatform 'Android_MultiClient'
[2021.04.24-17.44.10:357][  0]LogTargetPlatformManager: Display: Loaded TargetPlatform 'IOSClient'
[2021.04.24-17.44.10:357][  0]LogTargetPlatformManager: Display: Loaded TargetPlatform 'IOS'
[2021.04.24-17.44.10:366][  0]LogTargetPlatformManager: Display: Loaded TargetPlatform 'Linux'
[2021.04.24-17.44.10:373][  0]LogTargetPlatformManager: Display: Loaded TargetPlatform 'LinuxNoEditor'
[2021.04.24-17.44.10:380][  0]LogTargetPlatformManager: Display: Loaded TargetPlatform 'LinuxClient'
[2021.04.24-17.44.10:388][  0]LogTargetPlatformManager: Display: Loaded TargetPlatform 'LinuxServer'
[2021.04.24-17.44.10:395][  0]LogTargetPlatformManager: Display: Loaded TargetPlatform 'LinuxAArch64NoEditor'
[2021.04.24-17.44.10:402][  0]LogTargetPlatformManager: Display: Loaded TargetPlatform 'LinuxAArch64Client'
[2021.04.24-17.44.10:410][  0]LogTargetPlatformManager: Display: Loaded TargetPlatform 'LinuxAArch64Server'
[2021.04.24-17.44.10:432][  0]LogTargetPlatformManager: Display: Loaded TargetPlatform 'Lumin'
[2021.04.24-17.44.10:432][  0]LogTargetPlatformManager: Display: Loaded TargetPlatform 'LuminClient'
[2021.04.24-17.44.10:445][  0]LogTargetPlatformManager: Display: Loaded TargetPlatform 'TVOSClient'
[2021.04.24-17.44.10:445][  0]LogTargetPlatformManager: Display: Loaded TargetPlatform 'TVOS'
[2021.04.24-17.44.10:453][  0]LogTargetPlatformManager: Display: Loaded TargetPlatform 'WindowsNoEditor'
[2021.04.24-17.44.10:461][  0]LogTargetPlatformManager: Display: Loaded TargetPlatform 'Windows'
[2021.04.24-17.44.10:468][  0]LogTargetPlatformManager: Display: Loaded TargetPlatform 'WindowsClient'
[2021.04.24-17.44.10:475][  0]LogTargetPlatformManager: Display: Loaded TargetPlatform 'WindowsServer'
[2021.04.24-17.44.10:475][  0]LogTargetPlatformManager: Display: Building Assets For Windows
[2021.04.24-17.44.10:481][  0]LogAudioDebug: Display: Lib vorbis DLL was dynamically loaded.
[2021.04.24-17.44.10:525][  0]LogShaderCompilers: Guid format shader working directory is -24 characters bigger than the processId version (../../../../../../Users/menar/Documents/GitHub/FinalProjLd/FinalProjLD/Intermediate/Shaders/WorkingDirectory/6380/).
[2021.04.24-17.44.10:525][  0]LogShaderCompilers: Cleaned the shader compiler working directory 'C:/Users/menar/AppData/Local/Temp/UnrealShaderWorkingDir/4EB763894E9A073E5B0610B743859916/'.
[2021.04.24-17.44.10:525][  0]LogXGEController: Cleaning working directory: C:/Users/menar/AppData/Local/Temp/UnrealXGEWorkingDir/
[2021.04.24-17.44.10:525][  0]LogXGEController: Cannot use XGE Controller as Incredibuild is not installed on this machine.
[2021.04.24-17.44.10:525][  0]LogShaderCompilers: Cannot use XGE Shader Compiler as Incredibuild is not installed on this machine.
[2021.04.24-17.44.10:525][  0]LogShaderCompilers: Display: Using Local Shader Compiler.
[2021.04.24-17.44.11:095][  0]LogDerivedDataCache: Display: Max Cache Size: 512 MB
[2021.04.24-17.44.11:147][  0]LogDerivedDataCache: Loaded boot cache 0.05s 99MB C:/Users/menar/AppData/Local/UnrealEngine/4.25/DerivedDataCache/Boot.ddc.
[2021.04.24-17.44.11:147][  0]LogDerivedDataCache: Display: Loaded Boot cache: C:/Users/menar/AppData/Local/UnrealEngine/4.25/DerivedDataCache/Boot.ddc
[2021.04.24-17.44.11:147][  0]LogDerivedDataCache: FDerivedDataBackendGraph:  Pak pak cache file ../../../../../../Users/menar/Documents/GitHub/FinalProjLd/FinalProjLD/DerivedDataCache/DDC.ddp not found, will not use a pak cache.
[2021.04.24-17.44.11:147][  0]LogDerivedDataCache: Unable to find inner node Pak for hierarchical cache Hierarchy.
[2021.04.24-17.44.11:147][  0]LogDerivedDataCache: FDerivedDataBackendGraph:  CompressedPak pak cache file ../../../../../../Users/menar/Documents/GitHub/FinalProjLd/FinalProjLD/DerivedDataCache/Compressed.ddp not found, will not use a pak cache.
[2021.04.24-17.44.11:147][  0]LogDerivedDataCache: Unable to find inner node CompressedPak for hierarchical cache Hierarchy.
[2021.04.24-17.44.11:155][  0]LogDerivedDataCache: Display: Pak cache opened for reading ../../../Engine/DerivedDataCache/Compressed.ddp.
[2021.04.24-17.44.11:155][  0]LogDerivedDataCache: FDerivedDataBackendGraph:  EnterprisePak pak cache file ../../../Enterprise/DerivedDataCache/Compressed.ddp not found, will not use a pak cache.
[2021.04.24-17.44.11:155][  0]LogDerivedDataCache: Unable to find inner node EnterprisePak for hierarchical cache Hierarchy.
[2021.04.24-17.44.11:156][  0]LogDerivedDataCache: Using Local data cache path C:/Users/menar/AppData/Local/UnrealEngine/Common/DerivedDataCache: Writable
[2021.04.24-17.44.11:156][  0]LogDerivedDataCache: Shared data cache path not found in *engine.ini, will not use an Shared cache.
[2021.04.24-17.44.11:156][  0]LogDerivedDataCache: Unable to find inner node Shared for hierarchical cache Hierarchy.
[2021.04.24-17.44.11:195][  0]LogSlate: Using FreeType 2.10.0
[2021.04.24-17.44.11:195][  0]LogSlate: SlateFontServices - WITH_FREETYPE: 1, WITH_HARFBUZZ: 1
[2021.04.24-17.44.11:214][  0]LogAssetRegistry: FAssetRegistry took 0.0020 seconds to start up
[2021.04.24-17.44.11:509][  0]LogInit: Selected Device Profile: [Windows]
[2021.04.24-17.44.11:593][  0]LogMeshReduction: Using QuadricMeshReduction for automatic static mesh reduction
[2021.04.24-17.44.11:593][  0]LogMeshReduction: Using SimplygonMeshReduction for automatic skeletal mesh reduction
[2021.04.24-17.44.11:593][  0]LogMeshReduction: Using ProxyLODMeshReduction for automatic mesh merging
[2021.04.24-17.44.11:593][  0]LogMeshReduction: No distributed automatic mesh merging module available
[2021.04.24-17.44.11:593][  0]LogMeshMerging: No distributed automatic mesh merging module available
[2021.04.24-17.44.11:603][  0]LogNetVersion: ActionRPG 1.0.0, NetCL: 13144385, EngineNetVer: 14, GameNetVer: 0 (Checksum: 315464098)
[2021.04.24-17.44.11:900][  0]LogAISub: UAISubsystem::UAISubsystem AISubsystem (0000020FD9B154C0), frame # 0
[2021.04.24-17.44.11:900][  0]LogAISub: UAISubsystem::UAISubsystem AIPerceptionSystem (0000020FD9A3FC40), frame # 0
[2021.04.24-17.44.11:901][  0]LogAISub: UAISubsystem::UAISubsystem EnvQueryManager (0000020FD9AB2000), frame # 0
[2021.04.24-17.44.11:920][  0]LogPackageLocalizationCache: Processed 13 localized package path(s) for 1 prioritized culture(s) in 0.015019 seconds
[2021.04.24-17.44.11:923][  0]LogUObjectArray: 15596 objects as part of root set at end of initial load.
[2021.04.24-17.44.11:923][  0]LogUObjectAllocator: 3867792 out of 0 bytes used by permanent object pool.
[2021.04.24-17.44.11:923][  0]LogUObjectArray: CloseDisregardForGC: 0/0 objects in disregard for GC pool
[2021.04.24-17.44.13:854][  0]LogTcpMessaging: Initializing TcpMessaging bridge
[2021.04.24-17.44.13:886][  0]LogUdpMessaging: Initializing bridge on interface 0.0.0.0:0 to multicast group 230.0.0.1:6666.
[2021.04.24-17.44.13:903][  0]LogStats: UGameplayTagsManager::InitializeManager -  0.000 s
[2021.04.24-17.44.14:037][  0]SourceControl: Source control is disabled
[2021.04.24-17.44.14:037][  0]SourceControl: Source control is disabled
[2021.04.24-17.44.14:040][  0]SourceControl: Source control is disabled
[2021.04.24-17.44.14:043][  0]SourceControl: Source control is disabled
[2021.04.24-17.44.14:048][  0]SourceControl: Source control is disabled
[2021.04.24-17.44.14:197][  0]LogAndroidPermission: UAndroidPermissionCallbackProxy::GetInstance
[2021.04.24-17.44.14:276][  0]LogEngine: Initializing Engine...
[2021.04.24-17.44.14:348][  0]LogInit: Initializing FReadOnlyCVARCache
[2021.04.24-17.44.14:353][  0]LogAIModule: Creating AISystem for world Untitled
[2021.04.24-17.44.14:353][  0]LogAISub: UAISubsystem::UAISubsystem EnvQueryManager (0000020FE4863C00), frame # 0
[2021.04.24-17.44.14:353][  0]LogAISub: UAISubsystem::UAISubsystem AIPerceptionSystem (0000020FE48BBB00), frame # 0
[2021.04.24-17.44.14:357][  0]LogAudioMixer: Display: Audio Mixer Platform Settings:
[2021.04.24-17.44.14:357][  0]LogAudioMixer: Display: 	Sample Rate:						  48000
[2021.04.24-17.44.14:357][  0]LogAudioMixer: Display: 	Callback Buffer Frame Size Requested: 1024
[2021.04.24-17.44.14:357][  0]LogAudioMixer: Display: 	Callback Buffer Frame Size To Use:	  1024
[2021.04.24-17.44.14:357][  0]LogAudioMixer: Display: 	Number of buffers to queue:			  1
[2021.04.24-17.44.14:357][  0]LogAudioMixer: Display: 	Max Channels (voices):				  0
[2021.04.24-17.44.14:357][  0]LogAudioMixer: Display: 	Number of Async Source Workers:		  4
[2021.04.24-17.44.14:357][  0]LogAudio: Display: AudioDevice MaxSources: 32
[2021.04.24-17.44.14:357][  0]LogAudio: Display: Using built-in audio occlusion.
[2021.04.24-17.44.14:357][  0]LogAudioMixer: Display: Initializing audio mixer.
[2021.04.24-17.44.14:365][  0]LogAudioMixer: Display: 0: FrontLeft
[2021.04.24-17.44.14:365][  0]LogAudioMixer: Display: 1: FrontRight
[2021.04.24-17.44.14:585][  0]LogAudioMixer: Display: Using Audio Device Speakers (Realtek(R) Audio)
[2021.04.24-17.44.14:585][  0]LogAudioMixer: Display: Initializing Sound Submixes...
[2021.04.24-17.44.14:587][  0]LogAudioMixer: Display: Creating Master Submix 'MasterSubmixDefault'
[2021.04.24-17.44.14:587][  0]LogAudioMixer: Display: Creating Master Submix 'MasterReverbSubmixDefault'
[2021.04.24-17.44.14:588][  0]LogAudioMixer: Display: Creating Master Submix 'MasterEQSubmixDefault'
[2021.04.24-17.44.14:588][  0]LogInit: FAudioDevice initialized.
[2021.04.24-17.44.14:588][  0]LogNetVersion: Set ProjectVersion to 1.3.0. Version Checksum will be recalculated on next use.
[2021.04.24-17.44.14:643][  0]LogDerivedDataCache: Saved boot cache 0.06s 99MB C:/Users/menar/AppData/Local/UnrealEngine/4.25/DerivedDataCache/Boot.ddc.
[2021.04.24-17.44.14:644][  0]LogInit: Texture streaming: Enabled
[2021.04.24-17.44.14:660][  0]LogEngineSessionManager: EngineSessionManager initialized
[2021.04.24-17.44.14:660][  0]LogEditorSessionSummary: Verbose: Initializing EditorSessionSummaryWriter for editor session tracking
[2021.04.24-17.44.14:663][  0]LogEditorSessionSummary: EditorSessionSummaryWriter initialized
[2021.04.24-17.44.14:677][  0]LogInit: Transaction tracking system initialized
[2021.04.24-17.44.14:696][  0]BlueprintLog: New page: Editor Load
[2021.04.24-17.44.14:761][  0]LocalizationService: Localization service is disabled
[2021.04.24-17.44.15:009][  0]LogCook: Display: Max memory allowance for cook 16384mb min free memory 0mb
[2021.04.24-17.44.15:009][  0]LogCook: Display: Mobile HDR setting 1
[2021.04.24-17.44.15:013][  0]LogStats: FGameplayAbilitiesEditorModule::GameplayTagTreeChanged -  0.000 s
[2021.04.24-17.44.15:103][  0]LogFileCache: Scanning file cache for directory 'C:/Users/menar/Documents/GitHub/FinalProjLd/FinalProjLD/Content/' took 0.01s
[2021.04.24-17.44.15:103][  0]LogStats: UGameplayCueManager::InitializeEditorObjectLibrary -  0.002 s
[2021.04.24-17.44.15:126][  0]SourceControl: Source control is disabled
[2021.04.24-17.44.15:126][  0]LogUnrealEdMisc: Loading editor; pre map load, took 7.361
[2021.04.24-17.44.15:126][  0]Cmd: MAP LOAD FILE="../../../../../../Users/menar/Documents/GitHub/FinalProjLd/FinalProjLD/Content/Maps/ActionRPG_P.umap" TEMPLATE=0 SHOWPROGRESS=1 FEATURELEVEL=3
[2021.04.24-17.44.15:126][  0]LightingResults: New page: Lighting Build
[2021.04.24-17.44.15:127][  0]LogWorld: UWorld::CleanupWorld for Untitled, bSessionEnded=true, bCleanupResources=true
[2021.04.24-17.44.15:127][  0]LogSlate: InvalidateAllWidgets triggered.  All widgets were invalidated
[2021.04.24-17.44.15:127][  0]MapCheck: New page: Map Check
[2021.04.24-17.44.15:127][  0]LightingResults: New page: Lighting Build
[2021.04.24-17.44.15:141][  0]LogAISub: UAISubsystem::~UAISubsystem EnvQueryManager (0000020FE4863C00), frame # 0
[2021.04.24-17.44.15:141][  0]LogAISub: UAISubsystem::~UAISubsystem AIPerceptionSystem (0000020FE48BBB00), frame # 0
[2021.04.24-17.44.15:142][  0]LogUObjectHash: Compacting FUObjectHashTables data took   0.51ms
[2021.04.24-17.44.16:376][  0]LogSlate: InvalidateAllWidgets triggered.  All widgets were invalidated
[2021.04.24-17.44.16:476][  0]LogAIModule: Creating AISystem for world ActionRPG_P
[2021.04.24-17.44.16:476][  0]LogAISub: UAISubsystem::UAISubsystem EnvQueryManager (0000020FD3110600), frame # 0
[2021.04.24-17.44.16:476][  0]LogAISub: UAISubsystem::UAISubsystem AIPerceptionSystem (0000020FCB9EF4C0), frame # 0
[2021.04.24-17.44.16:484][  0]LogStreaming: Display: ULevelStreaming::RequestLevel(/Game/Maps/ActionRPG_Dungeon02_Lights) is flushing async loading
[2021.04.24-17.44.16:484][  0]LogStreaming: Display: Flushing async loaders.
[2021.04.24-17.44.16:494][  0]LogStreaming: Display: ULevelStreaming::RequestLevel(/Game/Maps/ActionRPG_Dungeon02_Asset) is flushing async loading
[2021.04.24-17.44.16:684][  0]LogEditorServer: Finished looking for orphan Actors (0.000 secs)
[2021.04.24-17.44.16:685][  0]LogNavigationDataBuild: Display:    Building NavData:  Name Default class /Script/NavigationSystem.RecastNavMesh agent radius 35.0.
[2021.04.24-17.44.16:711][  0]LogUObjectHash: Compacting FUObjectHashTables data took   1.35ms
[2021.04.24-17.44.16:711][  0]Cmd: MAP CHECKDEP NOCLEARLOG
[2021.04.24-17.44.16:711][  0]MapCheck: Map check complete: 0 Error(s), 0 Warning(s), took 0.29ms to complete.
[2021.04.24-17.44.16:711][  0]LogFileHelpers: Loading map 'ActionRPG_P' took 1.585
[2021.04.24-17.44.16:715][  0]LogUnrealEdMisc: Total Editor Startup Time, took 8.950
[2021.04.24-17.44.16:826][  0]LogSlate: Updating window title bar state: overlay mode, drag disabled, window buttons hidden, title bar hidden
[2021.04.24-17.44.16:831][  0]LogSlate: Updating window title bar state: overlay mode, drag disabled, window buttons hidden, title bar hidden
[2021.04.24-17.44.16:836][  0]LogSlate: Updating window title bar state: overlay mode, drag disabled, window buttons hidden, title bar hidden
[2021.04.24-17.44.16:841][  0]LogSlate: Updating window title bar state: overlay mode, drag disabled, window buttons hidden, title bar hidden
[2021.04.24-17.44.16:847][  0]LogCollectionManager: Loaded 0 collections in 0.001146 seconds
[2021.04.24-17.44.16:859][  0]LogFileCache: Scanning file cache for directory 'C:/Users/menar/Documents/GitHub/FinalProjLd/FinalProjLD/Saved/Collections/' took 0.00s
[2021.04.24-17.44.16:859][  0]LogFileCache: Scanning file cache for directory 'C:/Users/menar/Documents/GitHub/FinalProjLd/FinalProjLD/Content/Developers/menar/Collections/' took 0.00s
[2021.04.24-17.44.16:859][  0]LogFileCache: Scanning file cache for directory 'C:/Users/menar/Documents/GitHub/FinalProjLd/FinalProjLD/Content/Collections/' took 0.00s
[2021.04.24-17.44.16:859][  0]LogContentBrowser: Native class hierarchy populated in 0.0076 seconds. Added 3362 classes and 704 folders.
[2021.04.24-17.44.16:861][  0]LogContentBrowser: Native class hierarchy updated for 'WidgetCarousel' in 0.0004 seconds. Added 0 classes and 0 folders.
[2021.04.24-17.44.16:912][  0]LogContentBrowser: Native class hierarchy updated for 'AddContentDialog' in 0.0005 seconds. Added 0 classes and 0 folders.
[2021.04.24-17.44.16:919][  0]LogContentBrowser: Native class hierarchy updated for 'SceneOutliner' in 0.0006 seconds. Added 2 classes and 3 folders.
[2021.04.24-17.44.16:958][  0]LogSlate: Took 0.000220 seconds to synchronously load lazily loaded font '../../../Engine/Content/Slate/Fonts/Roboto-Regular.ttf' (155K)
[2021.04.24-17.44.16:960][  0]LogSlate: Took 0.000159 seconds to synchronously load lazily loaded font '../../../Engine/Content/Slate/Fonts/Roboto-Bold.ttf' (160K)
[2021.04.24-17.44.16:963][  0]LogSlate: Took 0.000168 seconds to synchronously load lazily loaded font '../../../Engine/Content/Editor/Slate/Fonts/FontAwesome.ttf' (139K)
[2021.04.24-17.44.17:017][  0]LogRenderer: Reallocating scene render targets to support 1616x836 Format 10 NumSamples 1 (Frame:1).
[2021.04.24-17.44.17:099][  0]LogContentBrowser: Native class hierarchy updated for 'HierarchicalLODOutliner' in 0.0004 seconds. Added 0 classes and 0 folders.
[2021.04.24-17.44.17:099][  0]LogLoad: (Engine Initialization) Total time: 9.33 seconds
[2021.04.24-17.44.17:099][  0]LogLoad: (Engine Initialization) Total Blueprint compile time: 0.00 seconds
[2021.04.24-17.44.17:135][  0]LogAssetRegistry: Asset discovery search completed in 5.9222 seconds
[2021.04.24-17.44.17:137][  0]LogStats: UGameplayCueManager::InitializeEditorObjectLibrary -  0.002 s
[2021.04.24-17.44.17:144][  0]LogCollectionManager: Fixed up redirectors for 0 collections in 0.000002 seconds (updated 0 objects)
[2021.04.24-17.44.17:146][  0]LogContentStreaming: Texture pool size now 1000 MB
[2021.04.24-17.44.29:374][118]LogSlate: Window 'Source Control Login' being destroyed
[2021.04.24-17.44.40:964][116]LogSlate: Took 0.000143 seconds to synchronously load lazily loaded font '../../../Engine/Content/Slate/Fonts/Roboto-Light.ttf' (167K)
[2021.04.24-17.44.40:995][116]LogUObjectHash: Compacting FUObjectHashTables data took   0.90ms
[2021.04.24-17.44.41:015][116]LogSavePackage: Moving '../../../../../../Users/menar/Documents/GitHub/FinalProjLd/FinalProjLD/Saved/ActionRPG_PBEE2B72A489B927074F02CB35B93DF29.tmp' to '../../../../../../Users/menar/Documents/GitHub/FinalProjLd/FinalProjLD/Content/Maps/ActionRPG_P.umap'
[2021.04.24-17.44.41:063][116]Cmd: OBJ SAVEPACKAGE PACKAGE="/Game/Maps/ActionRPG_P_BuiltData" FILE="../../../../../../Users/menar/Documents/GitHub/FinalProjLd/FinalProjLD/Content/Maps/ActionRPG_P_BuiltData.uasset" SILENT=true
[2021.04.24-17.44.41:066][116]LogSavePackage: Moving '../../../../../../Users/menar/Documents/GitHub/FinalProjLd/FinalProjLD/Saved/ActionRPG_P_BuiltData05578CE348B7F0346E9F5D936DFB00AC.tmp' to '../../../../../../Users/menar/Documents/GitHub/FinalProjLd/FinalProjLD/Content/Maps/ActionRPG_P_BuiltData.uasset'
[2021.04.24-17.44.44:895][329]SourceControl: fatal: C:/Program Files/Epic Games/UE_4.25/Engine/Content: 'C:/Program Files/Epic Games/UE_4.25/Engine/Content' is outside repository at 'C:/Users/menar/Documents/GitHub/FinalProjLd/FinalProjLD'
[2021.04.24-17.44.44:895][329]SourceControl: fatal: C:/Program Files/Epic Games/UE_4.25/Engine/Plugins/2D/Paper2D/Content: 'C:/Program Files/Epic Games/UE_4.25/Engine/Plugins/2D/Paper2D/Content' is outside repository at 'C:/Users/menar/Documents/GitHub/FinalProjLd/FinalProjLD'
[2021.04.24-17.44.44:895][329]SourceControl: fatal: C:/Program Files/Epic Games/UE_4.25/Engine/Plugins/Developer/AnimationSharing/Content: 'C:/Program Files/Epic Games/UE_4.25/Engine/Plugins/Developer/AnimationSharing/Content' is outside repository at 'C:/Users/menar/Documents/GitHub/FinalProjLd/FinalProjLD'
[2021.04.24-17.44.44:895][329]SourceControl: fatal: C:/Program Files/Epic Games/UE_4.25/Engine/Plugins/Editor/GeometryMode/Content: 'C:/Program Files/Epic Games/UE_4.25/Engine/Plugins/Editor/GeometryMode/Content' is outside repository at 'C:/Users/menar/Documents/GitHub/FinalProjLd/FinalProjLD'
[2021.04.24-17.44.44:895][329]SourceControl: fatal: C:/Program Files/Epic Games/UE_4.25/Engine/Plugins/Experimental/ChaosClothEditor/Content: 'C:/Program Files/Epic Games/UE_4.25/Engine/Plugins/Experimental/ChaosClothEditor/Content' is outside repository at 'C:/Users/menar/Documents/GitHub/FinalProjLd/FinalProjLD'
[2021.04.24-17.44.44:895][329]SourceControl: fatal: C:/Program Files/Epic Games/UE_4.25/Engine/Plugins/Experimental/ChaosNiagara/Content: 'C:/Program Files/Epic Games/UE_4.25/Engine/Plugins/Experimental/ChaosNiagara/Content' is outside repository at 'C:/Users/menar/Documents/GitHub/FinalProjLd/FinalProjLD'
[2021.04.24-17.44.44:895][329]SourceControl: fatal: C:/Program Files/Epic Games/UE_4.25/Engine/Plugins/Experimental/ChaosSolverPlugin/Content: 'C:/Program Files/Epic Games/UE_4.25/Engine/Plugins/Experimental/ChaosSolverPlugin/Content' is outside repository at 'C:/Users/menar/Documents/GitHub/FinalProjLd/FinalProjLD'
[2021.04.24-17.44.44:895][329]SourceControl: fatal: C:/Program Files/Epic Games/UE_4.25/Engine/Plugins/Experimental/GeometryProcessing/Content: 'C:/Program Files/Epic Games/UE_4.25/Engine/Plugins/Experimental/GeometryProcessing/Content' is outside repository at 'C:/Users/menar/Documents/GitHub/FinalProjLd/FinalProjLD'
[2021.04.24-17.44.44:895][329]SourceControl: fatal: C:/Program Files/Epic Games/UE_4.25/Engine/Plugins/FX/Niagara/Content: 'C:/Program Files/Epic Games/UE_4.25/Engine/Plugins/FX/Niagara/Content' is outside repository at 'C:/Users/menar/Documents/GitHub/FinalProjLd/FinalProjLD'
[2021.04.24-17.44.44:895][329]SourceControl: fatal: C:/Program Files/Epic Games/UE_4.25/Engine/Plugins/Lumin/MagicLeapPassableWorld/Content: 'C:/Program Files/Epic Games/UE_4.25/Engine/Plugins/Lumin/MagicLeapPassableWorld/Content' is outside repository at 'C:/Users/menar/Documents/GitHub/FinalProjLd/FinalProjLD'
[2021.04.24-17.44.44:895][329]SourceControl: fatal: C:/Program Files/Epic Games/UE_4.25/Engine/Plugins/MovieScene/MovieRenderPipeline/Content: 'C:/Program Files/Epic Games/UE_4.25/Engine/Plugins/MovieScene/MovieRenderPipeline/Content' is outside repository at 'C:/Users/menar/Documents/GitHub/FinalProjLd/FinalProjLD'
[2021.04.24-17.44.44:895][329]SourceControl: fatal: C:/Program Files/Epic Games/UE_4.25/Engine/Plugins/Runtime/PostSplashScreen/Content: 'C:/Program Files/Epic Games/UE_4.25/Engine/Plugins/Runtime/PostSplashScreen/Content' is outside repository at 'C:/Users/menar/Documents/GitHub/FinalProjLd/FinalProjLD'
[2021.04.24-17.44.48:620][329]LogSlate: Window 'Submit Files' being destroyed
[2021.04.24-17.44.48:774][329]LogSourceControl: commit successful: [main 27c11c8] teset
[2021.04.24-17.44.48:833][329]SourceControl: [main 27c11c8] teset
[2021.04.24-17.44.48:833][329]SourceControl:  2 files changed, 0 insertions(+), 0 deletions(-)
[2021.04.24-17.44.48:861][329]SourceControl: Commited [main 27c11c8] teset.
[2021.04.24-17.44.52:773][704]LogUObjectHash: Compacting FUObjectHashTables data took   0.82ms
[2021.04.24-17.44.52:791][704]LogSavePackage: Moving '../../../../../../Users/menar/Documents/GitHub/FinalProjLd/FinalProjLD/Saved/ActionRPG_P319C71924044086B3AAB50AF69CAEA49.tmp' to '../../../../../../Users/menar/Documents/GitHub/FinalProjLd/FinalProjLD/Content/Maps/ActionRPG_P.umap'
[2021.04.24-17.44.52:857][704]Cmd: OBJ SAVEPACKAGE PACKAGE="/Game/Maps/ActionRPG_P_BuiltData" FILE="../../../../../../Users/menar/Documents/GitHub/FinalProjLd/FinalProjLD/Content/Maps/ActionRPG_P_BuiltData.uasset" SILENT=true
[2021.04.24-17.44.52:859][704]LogSavePackage: Moving '../../../../../../Users/menar/Documents/GitHub/FinalProjLd/FinalProjLD/Saved/ActionRPG_P_BuiltDataB56FDC71473A0DC69A14D0B710BE855F.tmp' to '../../../../../../Users/menar/Documents/GitHub/FinalProjLd/FinalProjLD/Content/Maps/ActionRPG_P_BuiltData.uasset'
